     ÚÄÄÄÄÄÄÄÄÄÄÄÄÄÄÄÄÄÄÄÄÄÄÄÄÄÄÄÄÂÄÄÄÄÄÄÄÄÄÄÄÄÄÄÄÄÄÄÄÄÄÄÄÄÄÄÄÄÄÄÄÄÄÄÄÄÄÄÄÄ¿
     ³ Dodavatel:                 ³  BØ§nì daåovì doklad                   ³
     ³                            ³                     ÉÍÍÍÍÍÍÍÍÍ»        ³
     ³                            ³  F A K T U R A  Ÿ.: º 0400001 º var.s. ³
     ³                            ³                     ÈÍÍÍÍÍÍÍÍÍ¼        ³
     ³                            ³  Konstantn¡ symbol:                    ³
     ³                            ÃÄÄÄÄÄÄÄÄÄÄÄÄÄÄÄÄÄÄÄÄÄÄÄÄÄÄÄÄÄÄÄÄÄÄÄÄÄÄÄÄ´
     ³ DI¬:                       ³  OdbØratel:                            ³
     ³ I¬O:                       ³                I¬O:                    ³
     ³                            ³          AAA                           ³
     ³ Bankovn¡ spojen¡:          ³                                        ³
     ³                            ³                                        ³
     ³                            ³                                        ³
     ÃÄÄÄÄÄÄÄÄÄÄÄÄÄÄÄÄÄÄÄÄÄÄÄÄÄÄÄÄÁÄÄÄÄÄÄÄÄÄÄÄÄÄÄÄÄÄÄÄÄÄÄÄÄÄÄÄÄÄÄÄÄÄÄÄÄÄÄÄÄ´
     ³ PıedmØt fakturace:                                                  ³
     ÃÄÄÄÄÄÄÄÄÄÄÄÄÄÄÄÄÄÄÄÄÄÄÄÄÄÄÄÄÄÄÄÄÄÄÄÄÄÄÄÄÄÄÄÄÄÄÄÄÄÄÄÄÄÄÄÄÄÄÄÄÄÄÄÄÄÄÄÄÄ´
     ³ Dodac¡ a platebn¡ podm¡nky:   Datum splatnosti faktury : 06.05.2004 ³
     ³ Forma £hrady: HotovØ          Datum vystaven¡ dokladu  : 06.05.2004 ³
     ³ OR:                           Datum uskut.zdanit.plnØn¡: 06.05.2004 ³
     ÀÄÄÄÄÄÄÄÄÄÄÄÄÄÄÄÄÄÄÄÄÄÄÄÄÄÄÄÄÄÄÄÄÄÄÄÄÄÄÄÄÄÄÄÄÄÄÄÄÄÄÄÄÄÄÄÄÄÄÄÄÄÄÄÄÄÄÄÄÄÙ
       éŸtujeme V m:                                                                                         Sazba    ¬ stka    
       ~~~~~~~~~~~~~                                                                                        DPH v %             
       19                                                                                                     19       1000.00  
       22                                                                                                     22        100.00  
       5                                                                                                       5         10.00  
       Nula                                                                                                    0        200.00  
       Nic                                                                                                    --        300.00  