     Ŀ
      Dodavatel:                   Bاn daov doklad                   
                                                      ͻ        
                                   F A K T U R A  .:  0400001  var.s. 
                                                      ͼ        
                                   Konstantn symbol:                    
                                 Ĵ
      DI:                         Odbratel:                            
      IO:                                       IO:                    
                                           AAA                           
      Bankovn spojen:                                                  
                                                                         
                                                                         
     Ĵ
      Pedmt fakturace:                                                  
     Ĵ
      Dodac a platebn podmnky:   Datum splatnosti faktury : 06.05.2004 
      Forma hrady: Hotov          Datum vystaven dokladu  : 06.05.2004 
      OR:                           Datum uskut.zdanit.plnn: 06.05.2004 
     
       tujeme Vm:                                                                                         Sazba    stka    
       ~~~~~~~~~~~~~                                                                                        DPH v %             
       19                                                                                                     19       1000.00  
       22                                                                                                     22        100.00  
       5                                                                                                       5         10.00  
       Nula                                                                                                    0        200.00  
       Nic                                                                                                    --        300.00  


     Ŀ
      Zklad dan 22%        100.00   DPH 22%       22.00                 

      Zklad dan  5%         10.00   DPH  5%        0.50                 
      Osvobozeno od DPH      200.00                                       
      Nepodlh DPH          300.00                                       
                                                                          
                                                        ͻ    
                                      Celkem k hrad:      1822.50  K 
                                                        ͼ    
                                                                          
                                                                          
      Zaplaceno hotov                                                    
      stku    1822.50 K                                                
      pevzal:                                                            
      dne:                                                                
                                                    Fakturu vystavil      
         
