
                         Statistika dle u§ivatel… od 01.01.04 do 31.12.04


            U§ivatel: ANDY    
         +--------------+-----------+-----------+-----------+----------+-----+-----------+-----------+
         | Firma        | ¬as pr ce | ¬as u§iv. |  ¬as CPU  |   édery  | é/m |   ¬ek n¡  |   Celkem  |
         +--------------+-----------+-----------+-----------+----------+-----+-----------+-----------+
         | GREENLIO     |   2:40:48 |   2:28:34 |   0:12:14 |    11996 |  81 |   0:02:09 |   2:42:57 |
         | OROVERDE     |   1:42:48 |   1:36:30 |   0:06:18 |     7585 |  79 |   0:09:40 |   1:52:28 |
         +--------------+-----------+-----------+-----------+----------+-----+-----------+-----------+
         | Celkem:      |   4:23:36 |   4:05:04 |   0:18:32 |    19581 |  80 |   0:11:49 |   4:35:25 |
         +--------------+-----------+-----------+-----------+----------+-----+-----------+-----------+

            U§ivatel: JAKU    
         +--------------+-----------+-----------+-----------+----------+-----+-----------+-----------+
         | Firma        | ¬as pr ce | ¬as u§iv. |  ¬as CPU  |   édery  | é/m |   ¬ek n¡  |   Celkem  |
         +--------------+-----------+-----------+-----------+----------+-----+-----------+-----------+
         |              | ***:**:** |   0:37:54 | ***:**:** |     3134 |  83 |   0:59:08 | ***:**:** |
         | ACAPITAL.00  |   0:00:13 |   0:00:11 |   0:00:02 |        7 |  38 |   0:00:00 |   0:00:13 |
         | ACAPITAL.99  |   0:05:27 |   0:05:11 |   0:00:16 |      150 |  29 |   0:09:55 |   0:15:22 |
         | ANDY         |   5:57:24 |   5:47:04 |   0:10:20 |    22004 |  63 |  10:17:39 |  16:15:10 |
         | ANDY.03      |   0:02:19 |   0:02:11 |   0:00:08 |      124 |  57 |   0:05:10 |   0:07:28 |
         | BD_BEL53     |   5:13:16 |   5:03:06 |   0:10:10 |    20982 |  69 |  16:21:16 |  21:34:32 |
         | BD_BEL53.00  |   0:07:23 |   0:07:07 |   0:00:16 |      315 |  44 |   0:00:00 |   0:07:23 |
         | BD_BEL53.01  |   0:01:48 |   0:01:44 |   0:00:04 |       25 |  14 |   0:00:00 |   0:01:48 |
         | BD_BEL53.02  |   0:11:42 |   0:11:21 |   0:00:21 |      250 |  22 |   1:38:41 |   1:50:20 |
         | BD_MIL23.00  |   0:00:03 |   0:00:03 |   0:00:00 |        1 |  20 |   0:00:00 |   0:00:03 |
         | CAROSVIT     |   0:00:55 |   0:00:53 |   0:00:02 |       41 |  46 |   0:25:11 |   0:26:06 |
         | CESMAKL      | ***:**:** |   5:34:35 | ***:**:** |    21425 |  64 |  12:09:30 | ***:**:** |
         | CESMAKL.00   |   0:00:11 |   0:00:10 |   0:00:01 |        9 |  54 |   0:00:00 |   0:00:12 |
         | CESMAKL.01   |   0:01:09 |   0:01:06 |   0:00:03 |       39 |  35 |   0:00:00 |   0:01:09 |
         | CESMAKL.02   |   0:03:59 |   0:03:49 |   0:00:10 |       97 |  25 |   0:29:03 |   0:33:02 |
         | CESMAKL.03   |   0:06:12 |   0:06:02 |   0:00:10 |      151 |  25 |   0:00:00 |   0:06:12 |
         | CZKALINA     |   1:29:06 |   1:26:22 |   0:02:44 |     5637 |  65 |   3:35:46 |   5:04:48 |
         | CZKALINA.03  |   0:01:35 |   0:01:35 |   0:00:00 |       15 |   9 |   0:00:00 |   0:01:36 |
         | FOSDYKE      |   0:09:51 |   0:09:13 |   0:00:38 |      389 |  42 |   0:08:22 |   0:18:13 |
         | GLXX         |   0:00:23 |   0:00:19 |   0:00:04 |       26 |  82 |   0:00:00 |   0:00:23 |
         | GREENLIO     | ***:**:** |  45:54:12 | ***:**:** |   241897 |  88 |  77:19:55 | ***:**:** |
         | GREENLIO.00  |   0:04:51 |   0:04:44 |   0:00:07 |       64 |  14 |   0:03:07 |   0:07:59 |
         | GREENLIO.01  |   0:05:18 |   0:05:06 |   0:00:12 |      131 |  26 |   0:07:44 |   0:13:02 |
         | GREENLIO.02  |   0:34:26 |   0:33:41 |   0:00:45 |      944 |  28 |   1:04:07 |   1:38:31 |
         | GREENLIO.03  |   1:08:00 |   1:06:05 |   0:01:55 |     1348 |  20 |   2:01:35 |   3:09:34 |
         | GREENLIO.99  |   0:01:33 |   0:01:30 |   0:00:03 |       29 |  19 |   0:01:35 |   0:03:07 |
         | IB-TRAV      | ***:**:** |   5:36:37 | ***:**:** |    21221 |  63 |  13:32:38 | ***:**:** |
         | IBTRAVEL     | ***:**:** |   3:24:26 | ***:**:** |     4716 |  23 |  22:03:18 | ***:**:** |
         | IBTRAVEL.ORI | ***:**:** |   0:34:15 | ***:**:** |      598 |  17 |   4:51:07 | ***:**:** |
         | ILONA        |   0:41:54 |   0:40:27 |   0:01:27 |     1783 |  44 |   0:26:06 |   1:08:01 |
         | INIT         |   0:05:36 |   0:05:26 |   0:00:10 |      201 |  37 |   0:00:00 |   0:05:34 |
         | INTLINK      |   1:55:23 |   1:51:52 |   0:03:31 |     6976 |  62 |   2:29:12 |   4:24:34 |
         | INTLINK.02   |   0:01:04 |   0:01:02 |   0:00:02 |      119 | 115 |   0:00:00 |   0:01:04 |
         | INTLINK.03   |   0:04:08 |   0:03:58 |   0:00:10 |      206 |  52 |   0:32:42 |   0:36:51 |
         | JAKU         | ***:**:** |   8:53:45 | ***:**:** |    21714 |  41 |  28:10:24 | ***:**:** |
         | JAKU.96      |   0:07:30 |   0:07:17 |   0:00:13 |      335 |  46 |   0:00:00 |   0:07:30 |
         | JAKUIK       | ***:**:** |  15:06:21 | ***:**:** |    70663 |  78 |  29:28:26 | ***:**:** |
         | JAKUIK.02    |   0:01:41 |   0:01:40 |   0:00:01 |       21 |  13 |   0:00:00 |   0:01:41 |
         | JAKUIK.03    |   0:07:04 |   0:06:52 |   0:00:12 |      175 |  25 |   0:00:00 |   0:07:04 |
         | JARMI        |   5:15:38 |   5:06:03 |   0:09:35 |    16003 |  52 |  10:20:05 |  15:35:43 |
         | JARMI.03     |   0:00:55 |   0:00:51 |   0:00:04 |       50 |  59 |   0:05:25 |   0:06:19 |
         | LANGSFEL     | ***:**:** |   0:38:13 | ***:**:** |      876 |  23 |  12:02:07 | ***:**:** |
         | LIVRENT      | ***:**:** |   7:11:56 | ***:**:** |    27063 |  63 |  12:49:34 | ***:**:** |
         | LIVRENT.02   |   0:05:41 |   0:05:35 |   0:00:06 |       92 |  16 |   0:14:57 |   0:20:38 |
         | LIVRENT.03   |   0:09:29 |   0:09:14 |   0:00:15 |      297 |  32 |   0:25:00 |   0:34:30 |
         | LOFRA        |  11:48:28 |  11:23:31 |   0:24:57 |    44783 |  66 |  44:37:25 |  56:25:53 |
         | LOFRA.02     | ***:**:** |   1:31:34 | ***:**:** |     4159 |  45 |   5:46:41 | ***:**:** |
         | LOFRA.03     | ***:**:** |   6:33:06 | ***:**:** |    30920 |  79 |  11:20:30 | ***:**:** |
         | MBM.01       |   0:02:58 |   0:02:54 |   0:00:04 |       33 |  11 |   0:01:44 |   0:04:42 |
         | MBM.02       |   0:00:16 |   0:00:15 |   0:00:01 |       14 |  56 |   0:00:00 |   0:00:17 |
         | OPERUN       | ***:**:** |   4:15:11 | ***:**:** |    20818 |  82 |   2:25:08 | ***:**:** |
         | OROVERDE     | ***:**:** |  21:00:54 | ***:**:** |    77454 |  61 |  42:25:49 | ***:**:** |
         | OROVERDE.02  |   0:09:59 |   0:09:44 |   0:00:15 |      206 |  21 |   0:03:25 |   0:13:24 |
         | OROVERDE.03  |   0:27:43 |   0:27:10 |   0:00:33 |      489 |  18 |   0:17:37 |   0:45:23 |
         | SECS.02      |   0:01:25 |   0:01:21 |   0:00:04 |       22 |  16 |   0:00:00 |   0:01:25 |
         | TRESWOOD     |   0:01:47 |   0:01:44 |   0:00:03 |       33 |  19 |   0:00:00 |   0:01:47 |
         | TRESWOOD.00  |   0:00:41 |   0:00:39 |   0:00:02 |       24 |  37 |   0:00:00 |   0:00:40 |
         | TRESWOOD.99  |   0:01:24 |   0:01:23 |   0:00:01 |       12 |   9 |   0:00:00 |   0:01:25 |
         | TYPOTRIL     |   0:05:23 |   0:05:19 |   0:00:04 |       54 |  10 |   0:00:00 |   0:05:23 |
         | TYPOTRIL.03  |   0:06:43 |   0:06:32 |   0:00:11 |       78 |  12 |   0:23:00 |   0:29:43 |
         | VADIMCZ      |   0:22:08 |   0:21:25 |   0:00:43 |     1274 |  59 |   1:45:58 |   2:08:05 |
         | VADIMCZ.03   |   0:00:26 |   0:00:25 |   0:00:01 |       18 |  43 |   0:00:00 |   0:00:26 |
         +--------------+-----------+-----------+-----------+----------+-----+-----------+-----------+
         | Celkem:      | ***:**:** | 162:54:11 | ***:**:** |   672734 |  69 | 373:36:02 | ***:**:** |
         +--------------+-----------+-----------+-----------+----------+-----+-----------+-----------+